<?xml version="1.0" encoding="UTF-8"?>
<!-- Generated by org.testng.reporters.JUnitXMLReporter -->
<testsuite ignored="2" hostname="DESKTOP-2VN85IF" failures="1" tests="6" name="Test" time="79.473" errors="0" timestamp="2024-12-10T17:59:55 EST">
  <testcase classname="com.comcast.crm.neworgtest.CreateOrganizationTest" name="createOrganization" time="8.624">
    <skipped/>
  </testcase> <!-- createOrganization -->
  <testcase classname="com.comcast.crm.neworgtest.CreateOrganizationTest" name="createOrganization" time="8.679">
    <skipped/>
  </testcase> <!-- createOrganization -->
  <testcase classname="com.comcast.crm.neworgtest.CreateOrganizationTest" name="createOrganization" time="8.727">
    <skipped/>
  </testcase> <!-- createOrganization -->
  <testcase classname="com.comcast.crm.neworgtest.CreateOrganizationTest" name="createOrganization" time="9.317">
    <skipped/>
  </testcase> <!-- createOrganization -->
  <testcase classname="com.comcast.crm.neworgtest.CreateOrganizationTest" name="createOrganization" time="8.466">
    <skipped/>
  </testcase> <!-- createOrganization -->
  <testcase classname="com.comcast.crm.neworgtest.CreateOrganizationTest" name="createOrganization" time="8.574">
    <failure type="java.lang.AssertionError" message="expected [false] but found [true]">
      <![CDATA[java.lang.AssertionError: expected [false] but found [true]
at com.comcast.crm.neworgtest.CreateOrganizationTest.createOrganization(CreateOrganizationTest.java:77)
at java.base/java.util.ArrayList.forEach(ArrayList.java:1597)
... Removed 32 stack frames]]>
    </failure>
  </testcase> <!-- createOrganization -->
  <testcase classname="com.comcast.crm.neworgtest.CreateOrganizationTest" name="createOrganizationwithphoneno" time="0.0">
    <ignored/>
  </testcase> <!-- createOrganizationwithphoneno -->
  <testcase classname="com.comcast.crm.neworgtest.CreateOrganizationTest" name="createorgwithtype" time="0.0">
    <ignored/>
  </testcase> <!-- createorgwithtype -->
</testsuite> <!-- Test -->
