<?xml version="1.0" encoding="UTF-8"?>
<!-- Generated by org.testng.reporters.JUnitXMLReporter -->
<testsuite ignored="0" hostname="DESKTOP-2VN85IF" failures="0" tests="3" name="test1" time="21.719" errors="0" timestamp="2024-12-02T18:00:26 EST">
  <testcase classname="practice.testng.CitiesTest" name="citiesTest" time="0.009"/>
  <testcase classname="practice.testng.CitiesTest" name="kTest" time="0.0"/>
  <testcase classname="practice.testng.CitiesTest" name="mTest" time="0.005"/>
</testsuite> <!-- test1 -->
