<?xml version="1.0" encoding="UTF-8"?>
<!-- Generated by org.testng.reporters.JUnitXMLReporter -->
<testsuite ignored="2" hostname="DESKTOP-2VN85IF" failures="0" tests="6" name="TestRunner-firefox" time="122.13" errors="0" timestamp="2024-11-29T13:37:21 EST">
  <testcase classname="com.comcast.crm.neworgtest.CreateOrganizationTest" name="createOrganization" time="9.683"/>
  <testcase classname="com.comcast.crm.neworgtest.CreateOrganizationTest" name="createOrganizationwithphoneno" time="9.502"/>
  <testcase classname="com.comcast.crm.neworgtest.CreateOrganizationTest" name="createorgwithtype" time="10.076"/>
  <testcase classname="com.comcast.crm.newcontacttest.CreateContactTest" name="CreateContact" time="10.015"/>
  <testcase classname="com.comcast.crm.newcontacttest.CreateContactTest" name="CreateContactDate" time="12.881"/>
  <testcase classname="com.comcast.crm.newcontacttest.CreateContactTest" name="creatcontactWithOrg" time="24.539"/>
  <testcase classname="com.comcast.crm.basetest.BaseClass" name="@BeforeSuite configBS" time="0.0">
    <ignored/>
  </testcase> <!-- @BeforeSuite configBS -->
  <testcase classname="com.comcast.crm.basetest.BaseClass" name="@AfterSuite configaS" time="0.0">
    <ignored/>
  </testcase> <!-- @AfterSuite configaS -->
</testsuite> <!-- TestRunner-firefox -->
