<?xml version="1.0" encoding="UTF-8"?>
<!-- Generated by org.testng.reporters.JUnitXMLReporter -->
<testsuite ignored="0" hostname="DESKTOP-2VN85IF" failures="0" tests="3" name="test2" time="20.715" errors="0" timestamp="2024-12-02T18:00:47 EST">
  <testcase classname="practice.testng.FruitsTest" name="bTest" time="0.003"/>
  <testcase classname="practice.testng.FruitsTest" name="ht" time="0.002"/>
  <testcase classname="practice.testng.FruitsTest" name="mt" time="0.006"/>
</testsuite> <!-- test2 -->
