<?xml version="1.0" encoding="UTF-8"?>
<!-- Generated by org.testng.reporters.JUnitXMLReporter -->
<testsuite ignored="2" hostname="DESKTOP-2VN85IF" failures="0" tests="6" name="TestRunner-chrome" time="119.485" errors="0" timestamp="2024-11-29T13:37:18 EST">
  <testcase classname="com.comcast.crm.neworgtest.CreateOrganizationTest" name="createOrganization" time="10.613"/>
  <testcase classname="com.comcast.crm.neworgtest.CreateOrganizationTest" name="createOrganizationwithphoneno" time="11.066"/>
  <testcase classname="com.comcast.crm.neworgtest.CreateOrganizationTest" name="createorgwithtype" time="11.092"/>
  <testcase classname="com.comcast.crm.newcontacttest.CreateContactTest" name="CreateContact" time="11.273"/>
  <testcase classname="com.comcast.crm.newcontacttest.CreateContactTest" name="CreateContactDate" time="15.471"/>
  <testcase classname="com.comcast.crm.newcontacttest.CreateContactTest" name="creatcontactWithOrg" time="23.027"/>
  <testcase classname="com.comcast.crm.basetest.BaseClass" name="@BeforeSuite configBS" time="0.0">
    <ignored/>
  </testcase> <!-- @BeforeSuite configBS -->
  <testcase classname="com.comcast.crm.basetest.BaseClass" name="@AfterSuite configaS" time="0.0">
    <ignored/>
  </testcase> <!-- @AfterSuite configaS -->
</testsuite> <!-- TestRunner-chrome -->
