<?xml version="1.0" encoding="UTF-8"?>
<!-- Generated by org.testng.reporters.JUnitXMLReporter -->
<testsuite ignored="0" hostname="DESKTOP-2VN85IF" failures="0" tests="3" name="test 1" time="0.163" errors="0" timestamp="2024-12-02T17:42:27 EST">
  <testcase classname="practice.testng.CitiesTest" name="citiesTest" time="0.047"/>
  <testcase classname="practice.testng.CitiesTest" name="kTest" time="0.004"/>
  <testcase classname="practice.testng.CitiesTest" name="mTest" time="0.004"/>
</testsuite> <!-- test 1 -->
